c:\users\alia\documents\visual studio 2013\projects\project2\project2\debug\vc120.pdb
c:\users\alia\documents\visual studio 2013\projects\project2\project2\debug\vc120.idb
c:\users\alia\documents\visual studio 2013\projects\project2\project2\debug\controller.obj
c:\users\alia\documents\visual studio 2013\projects\project2\project2\debug\application.obj
c:\users\alia\documents\visual studio 2013\projects\project2\project2\debug\main.obj
c:\users\alia\documents\visual studio 2013\projects\project2\project2\debug\bowl.obj
c:\users\alia\documents\visual studio 2013\projects\project2\project2\debug\bowlingmachine.obj
c:\users\alia\documents\visual studio 2013\projects\project2\project2\debug\model.obj
c:\users\alia\documents\visual studio 2013\projects\project2\project2\debug\pin.obj
c:\users\alia\documents\visual studio 2013\projects\project2\project2\debug\pinset.obj
c:\users\alia\documents\visual studio 2013\projects\project2\project2\debug\place.obj
c:\users\alia\documents\visual studio 2013\projects\project2\project2\debug\movingobject.obj
c:\users\alia\documents\visual studio 2013\projects\project2\project2\debug\texturizableobject.obj
c:\users\alia\documents\visual studio 2013\projects\project2\project2\debug\camera.obj
c:\users\alia\documents\visual studio 2013\projects\project2\project2\debug\image.obj
c:\users\alia\documents\visual studio 2013\projects\project2\project2\debug\view.obj
c:\users\alia\documents\visual studio 2013\projects\project2\debug\project2.ilk
c:\users\alia\documents\visual studio 2013\projects\project2\debug\project2.exe
c:\users\alia\documents\visual studio 2013\projects\project2\debug\project2.pdb
c:\users\alia\documents\visual studio 2013\projects\project2\project2\debug\project2.tlog\cl.command.1.tlog
c:\users\alia\documents\visual studio 2013\projects\project2\project2\debug\project2.tlog\cl.read.1.tlog
c:\users\alia\documents\visual studio 2013\projects\project2\project2\debug\project2.tlog\cl.write.1.tlog
c:\users\alia\documents\visual studio 2013\projects\project2\project2\debug\project2.tlog\link.command.1.tlog
c:\users\alia\documents\visual studio 2013\projects\project2\project2\debug\project2.tlog\link.read.1.tlog
c:\users\alia\documents\visual studio 2013\projects\project2\project2\debug\project2.tlog\link.write.1.tlog
